0 info it worked if it ends with ok
1 verbose cli [ '/usr/local/bin/node',
1 verbose cli   '/usr/local/bin/npm',
1 verbose cli   'version',
1 verbose cli   'patch' ]
2 info using npm@1.4.28
3 info using node@v0.10.36
4 verbose node symlink /usr/local/bin/node
5 error Error: Git working directory not clean.
5 error D  dist/gplaces.css
5 error M  dist/gplaces.js
5 error D  dist/gplaces.min.js
5 error     at /usr/local/lib/node_modules/npm/lib/version.js:91:33
5 error     at ChildProcess.exithandler (child_process.js:656:7)
5 error     at ChildProcess.emit (events.js:98:17)
5 error     at maybeClose (child_process.js:766:16)
5 error     at Socket.<anonymous> (child_process.js:979:11)
5 error     at Socket.emit (events.js:95:17)
5 error     at Pipe.close (net.js:466:12)
6 error If you need help, you may report this *entire* log,
6 error including the npm and node versions, at:
6 error     <http://github.com/npm/npm/issues>
7 error System Darwin 14.1.0
8 error command "/usr/local/bin/node" "/usr/local/bin/npm" "version" "patch"
9 error cwd /goodybag/gplaces
10 error node -v v0.10.36
11 error npm -v 1.4.28
12 verbose exit [ 1, true ]
